<?xml version="1.0" encoding="UTF-8"?>
<!-- Generated by org.testng.reporters.JUnitReportReporter -->
<testsuite hostname="Aswins-MacBook-Air.local" failures="0" tests="1" name="com.ebayAutomation.tests.TC_01_ItemPurchaseVerificationeBay" time="89.322" errors="0" timestamp="2020-04-26T19:06:46 AEST" skipped="0">
  <testcase classname="com.ebayAutomation.tests.TC_01_ItemPurchaseVerificationeBay" name="Verify_eBay_Order_Placement" time="89.322"/>
  <system-out/>
</testsuite> <!-- com.ebayAutomation.tests.TC_01_ItemPurchaseVerificationeBay -->
