<?xml version="1.0" encoding="UTF-8"?>
<!-- Generated by org.testng.reporters.JUnitReportReporter -->
<testsuite hostname="Aswins-Air" failures="0" tests="1" name="com.ebayAutomation.tests.TC_01_ItemPurchaseVerification_eBay" time="69.339" errors="0" timestamp="2020-04-27T17:00:31 AEST" skipped="0">
  <testcase classname="com.ebayAutomation.tests.TC_01_ItemPurchaseVerification_eBay" name="Verify_eBay_Order_Placement" time="69.339"/>
  <system-out/>
</testsuite> <!-- com.ebayAutomation.tests.TC_01_ItemPurchaseVerification_eBay -->
